

--- ERROR OCCURRED AT 2025-07-26 22:57:15 UTC ---

--- ERROR OCCURRED AT 2025-07-26T22:57:15.639841 UTC ---
Exception:
Traceback (most recent call last):
  File "/home/ubuntu/Dom/job_bot.py", line 140, in scrape_indeed_jobs_pw
    raise TimeoutError(f"None of the selectors {selectors} found on page. "
TimeoutError: None of the selectors ['a.tapItem', 'div.job_seen_beacon a', 'a[data-jk]'] found on page. Screenshot saved to: error_screenshot_20250726225714.png, HTML saved to: error_page_20250726225714.html


Current URL: https://uk.indeed.com/jobs?q=part%20time&l=Leigh,%20WN7%201NX&radius=5&jt=parttime
Screenshot saved to: screenshot failed: Event loop is closed! Is Playwright already stopped?
HTML dump saved to: html dump failed: Event loop is closed! Is Playwright already stopped?

--- END ERROR ---

--- END ERROR ---


--- ERROR OCCURRED AT 2025-07-26 22:58:14 UTC ---

--- ERROR OCCURRED AT 2025-07-26T22:58:14.338138 UTC ---
Exception:
Traceback (most recent call last):
  File "/home/ubuntu/Dom/job_bot.py", line 140, in scrape_indeed_jobs_pw
    raise TimeoutError(f"None of the selectors {selectors} found on page. "
TimeoutError: None of the selectors ['a.tapItem', 'div.job_seen_beacon a', 'a[data-jk]'] found on page. Screenshot saved to: error_screenshot_20250726225813.png, HTML saved to: error_page_20250726225813.html


Current URL: https://uk.indeed.com/jobs?q=part%20time&l=Leigh,%20WN7%201NX&radius=5&jt=parttime
Screenshot saved to: screenshot failed: Event loop is closed! Is Playwright already stopped?
HTML dump saved to: html dump failed: Event loop is closed! Is Playwright already stopped?

--- END ERROR ---

--- END ERROR ---


--- ERROR OCCURRED AT 2025-07-26 23:01:07 UTC ---

--- ERROR OCCURRED AT 2025-07-26T23:01:07.137346 UTC ---
Exception:
Traceback (most recent call last):
  File "/home/ubuntu/Dom/job_bot.py", line 130, in scrape_indeed_jobs_pw
    raise RuntimeError("Blocked by Captcha or Bot detection on Indeed page")
RuntimeError: Blocked by Captcha or Bot detection on Indeed page


Current URL: https://uk.indeed.com/jobs?q=part%20time&l=Leigh,%20WN7%201NX&radius=5&jt=parttime
Screenshot saved to: screenshot failed: Event loop is closed! Is Playwright already stopped?
HTML dump saved to: html dump failed: Event loop is closed! Is Playwright already stopped?

--- END ERROR ---

--- END ERROR ---


--- ERROR OCCURRED AT 2025-07-26 23:01:19 UTC ---

--- ERROR OCCURRED AT 2025-07-26T23:01:19.726807 UTC ---
Exception:
Traceback (most recent call last):
  File "/home/ubuntu/Dom/job_bot.py", line 130, in scrape_indeed_jobs_pw
    raise RuntimeError("Blocked by Captcha or Bot detection on Indeed page")
RuntimeError: Blocked by Captcha or Bot detection on Indeed page


Current URL: https://uk.indeed.com/jobs?q=part%20time&l=Leigh,%20WN7%201NX&radius=5&jt=parttime
Screenshot saved to: screenshot failed: Event loop is closed! Is Playwright already stopped?
HTML dump saved to: html dump failed: Event loop is closed! Is Playwright already stopped?

--- END ERROR ---

--- END ERROR ---


--- ERROR OCCURRED AT 2025-07-26 23:06:25 UTC ---

--- ERROR OCCURRED AT 2025-07-26T23:06:25.249412 UTC ---
Exception:
Traceback (most recent call last):
  File "/home/ubuntu/Dom/job_bot.py", line 166, in scrape_indeed_jobs_pw
    raise RuntimeError("Blocked by Captcha or Bot detection on Indeed page")
RuntimeError: Blocked by Captcha or Bot detection on Indeed page


Current URL: https://uk.indeed.com/jobs?q=part%20time&l=Leigh,%20WN7%201NX&radius=5&jt=parttime
Screenshot saved to: screenshot failed: Event loop is closed! Is Playwright already stopped?
HTML dump saved to: html dump failed: Event loop is closed! Is Playwright already stopped?

--- END ERROR ---

--- END ERROR ---


--- ERROR OCCURRED AT 2025-07-26 23:45:52 UTC ---

--- ERROR OCCURRED AT 2025-07-26T23:45:52.037718 UTC ---
Exception:
Traceback (most recent call last):
  File "/home/ubuntu/Dom/job_bot.py", line 146, in scrape_indeed_jobs_pw
    browser = p.chromium.launch(
  File "/home/ubuntu/Dom/venv/lib/python3.10/site-packages/playwright/sync_api/_generated.py", line 14494, in launch
    self._sync(
  File "/home/ubuntu/Dom/venv/lib/python3.10/site-packages/playwright/_impl/_sync_base.py", line 115, in _sync
    return task.result()
  File "/home/ubuntu/Dom/venv/lib/python3.10/site-packages/playwright/_impl/_browser_type.py", line 98, in launch
    await self._channel.send(
  File "/home/ubuntu/Dom/venv/lib/python3.10/site-packages/playwright/_impl/_connection.py", line 69, in send
    return await self._connection.wrap_api_call(
  File "/home/ubuntu/Dom/venv/lib/python3.10/site-packages/playwright/_impl/_connection.py", line 558, in wrap_api_call
    raise rewrite_error(error, f"{parsed_st['apiName']}: {error}") from None
playwright._impl._errors.TargetClosedError: BrowserType.launch: Target page, context or browser has been closed
Browser logs:

╔════════════════════════════════════════════════════════════════════════════════════════════════╗
║ Looks like you launched a headed browser without having a XServer running.                     ║
║ Set either 'headless: true' or use 'xvfb-run <your-playwright-app>' before running Playwright. ║
║                                                                                                ║
║ <3 Playwright Team                                                                             ║
╚════════════════════════════════════════════════════════════════════════════════════════════════╝
Call log:
  - <launching> /home/ubuntu/.cache/ms-playwright/chromium-1181/chrome-linux/chrome --disable-field-trial-config --disable-background-networking --disable-background-timer-throttling --disable-backgrounding-occluded-windows --disable-back-forward-cache --disable-breakpad --disable-client-side-phishing-detection --disable-component-extensions-with-background-pages --disable-component-update --no-default-browser-check --disable-default-apps --disable-dev-shm-usage --disable-extensions --disable-features=AcceptCHFrame,AutoExpandDetailsElement,AvoidUnnecessaryBeforeUnloadCheckSync,CertificateTransparencyComponentUpdater,DestroyProfileOnBrowserClose,DialMediaRouteProvider,ExtensionManifestV2Disabled,GlobalMediaControls,HttpsUpgrades,ImprovedCookieControls,LazyFrameLoading,LensOverlay,MediaRouter,PaintHolding,ThirdPartyStoragePartitioning,Translate --allow-pre-commit-input --disable-hang-monitor --disable-ipc-flooding-protection --disable-popup-blocking --disable-prompt-on-repost --disable-renderer-backgrounding --force-color-profile=srgb --metrics-recording-only --no-first-run --password-store=basic --use-mock-keychain --no-service-autorun --export-tagged-pdf --disable-search-engine-choice-screen --unsafely-disable-devtools-self-xss-warnings --edge-skip-compat-layer-relaunch --enable-automation --no-sandbox --disable-blink-features=AutomationControlled --no-sandbox --disable-setuid-sandbox --disable-dev-shm-usage --disable-extensions --disable-gpu --user-data-dir=/tmp/playwright_chromiumdev_profile-Owdnko --remote-debugging-pipe --no-startup-window
  - <launched> pid=38684
  - [pid=38684][err] [38684:38684:0726/234546.350804:ERROR:ui/ozone/platform/x11/ozone_platform_x11.cc:249] Missing X server or $DISPLAY
  - [pid=38684][err] [38684:38684:0726/234546.421190:ERROR:ui/aura/env.cc:257] The platform failed to initialize.  Exiting.



Current URL: https://uk.indeed.com/jobs?q=part time&l=Leigh, WN7 1NX&radius=5&jt=parttime
Screenshot saved to: no page to screenshot
HTML dump saved to: no page to dump html

--- END ERROR ---

--- END ERROR ---
